0 verbose cli /usr/local/bin/node /usr/local/bin/npm
1 info using npm@10.9.2
2 info using node@v22.14.0
3 silly config load:file:/usr/local/lib/node_modules/npm/npmrc
4 silly config load:file:/Users/lee/Documents/作品集/.npmrc
5 silly config load:file:/Users/lee/.npmrc
6 silly config load:file:/Users/lee/.npm-global/etc/npmrc
7 verbose title npm install three postprocessing
8 verbose argv "install" "three" "postprocessing" "--cache" ".npm-cache" "--registry" "https://registry.npmjs.org"
9 verbose logfile logs-max:10 dir:/Users/lee/Documents/作品集/.npm-cache/_logs/2026-06-23T09_50_31_853Z-
10 verbose logfile /Users/lee/Documents/作品集/.npm-cache/_logs/2026-06-23T09_50_31_853Z-debug-0.log
11 silly logfile done cleaning log files
12 silly packumentCache heap:4345298944 maxSize:1086324736 maxEntrySize:543162368
13 silly idealTree buildDeps
14 silly fetch manifest three@*
15 silly packumentCache full:https://registry.npmjs.org/three cache-miss
16 http fetch GET 200 https://registry.npmjs.org/three 1759ms (cache miss)
17 silly packumentCache full:https://registry.npmjs.org/three set size:undefined disposed:false
18 silly fetch manifest postprocessing@*
19 silly packumentCache full:https://registry.npmjs.org/postprocessing cache-miss
20 http fetch GET 200 https://registry.npmjs.org/postprocessing 664ms (cache miss)
21 silly packumentCache full:https://registry.npmjs.org/postprocessing set size:undefined disposed:false
22 silly placeDep ROOT postprocessing@6.39.1 OK for: lixiaoxin-portfolio@1.0.0 want: *
23 silly placeDep ROOT three@0.184.0 OK for: postprocessing@6.39.1 want: >= 0.168.0 < 0.185.0
24 silly placeDep ROOT three@0.184.0 REPLACE for: lixiaoxin-portfolio@1.0.0 want: *
25 silly reify moves {}
26 silly audit bulk request {
26 silly audit   '@babel/code-frame': [ '7.29.7' ],
26 silly audit   '@babel/compat-data': [ '7.29.7' ],
26 silly audit   '@babel/core': [ '7.29.7' ],
26 silly audit   '@babel/generator': [ '7.29.7' ],
26 silly audit   '@babel/helper-compilation-targets': [ '7.29.7' ],
26 silly audit   '@babel/helper-globals': [ '7.29.7' ],
26 silly audit   '@babel/helper-module-imports': [ '7.29.7' ],
26 silly audit   '@babel/helper-module-transforms': [ '7.29.7' ],
26 silly audit   '@babel/helper-plugin-utils': [ '7.29.7' ],
26 silly audit   '@babel/helper-string-parser': [ '7.29.7' ],
26 silly audit   '@babel/helper-validator-identifier': [ '7.29.7' ],
26 silly audit   '@babel/helper-validator-option': [ '7.29.7' ],
26 silly audit   '@babel/helpers': [ '7.29.7' ],
26 silly audit   '@babel/parser': [ '7.29.7' ],
26 silly audit   '@babel/plugin-transform-react-jsx-self': [ '7.29.7' ],
26 silly audit   '@babel/plugin-transform-react-jsx-source': [ '7.29.7' ],
26 silly audit   '@babel/template': [ '7.29.7' ],
26 silly audit   '@babel/traverse': [ '7.29.7' ],
26 silly audit   '@babel/types': [ '7.29.7' ],
26 silly audit   '@esbuild/aix-ppc64': [ '0.27.7' ],
26 silly audit   '@esbuild/android-arm': [ '0.27.7' ],
26 silly audit   '@esbuild/android-arm64': [ '0.27.7' ],
26 silly audit   '@esbuild/android-x64': [ '0.27.7' ],
26 silly audit   '@esbuild/darwin-arm64': [ '0.27.7' ],
26 silly audit   '@esbuild/darwin-x64': [ '0.27.7' ],
26 silly audit   '@esbuild/freebsd-arm64': [ '0.27.7' ],
26 silly audit   '@esbuild/freebsd-x64': [ '0.27.7' ],
26 silly audit   '@esbuild/linux-arm': [ '0.27.7' ],
26 silly audit   '@esbuild/linux-arm64': [ '0.27.7' ],
26 silly audit   '@esbuild/linux-ia32': [ '0.27.7' ],
26 silly audit   '@esbuild/linux-loong64': [ '0.27.7' ],
26 silly audit   '@esbuild/linux-mips64el': [ '0.27.7' ],
26 silly audit   '@esbuild/linux-ppc64': [ '0.27.7' ],
26 silly audit   '@esbuild/linux-riscv64': [ '0.27.7' ],
26 silly audit   '@esbuild/linux-s390x': [ '0.27.7' ],
26 silly audit   '@esbuild/linux-x64': [ '0.27.7' ],
26 silly audit   '@esbuild/netbsd-arm64': [ '0.27.7' ],
26 silly audit   '@esbuild/netbsd-x64': [ '0.27.7' ],
26 silly audit   '@esbuild/openbsd-arm64': [ '0.27.7' ],
26 silly audit   '@esbuild/openbsd-x64': [ '0.27.7' ],
26 silly audit   '@esbuild/openharmony-arm64': [ '0.27.7' ],
26 silly audit   '@esbuild/sunos-x64': [ '0.27.7' ],
26 silly audit   '@esbuild/win32-arm64': [ '0.27.7' ],
26 silly audit   '@esbuild/win32-ia32': [ '0.27.7' ],
26 silly audit   '@esbuild/win32-x64': [ '0.27.7' ],
26 silly audit   '@jridgewell/gen-mapping': [ '0.3.13' ],
26 silly audit   '@jridgewell/remapping': [ '2.3.5' ],
26 silly audit   '@jridgewell/resolve-uri': [ '3.1.2' ],
26 silly audit   '@jridgewell/sourcemap-codec': [ '1.5.5' ],
26 silly audit   '@jridgewell/trace-mapping': [ '0.3.31' ],
26 silly audit   '@rolldown/pluginutils': [ '1.0.0-rc.3' ],
26 silly audit   '@rollup/rollup-android-arm-eabi': [ '4.62.2' ],
26 silly audit   '@rollup/rollup-android-arm64': [ '4.62.2' ],
26 silly audit   '@rollup/rollup-darwin-arm64': [ '4.62.2' ],
26 silly audit   '@rollup/rollup-darwin-x64': [ '4.62.2' ],
26 silly audit   '@rollup/rollup-freebsd-arm64': [ '4.62.2' ],
26 silly audit   '@rollup/rollup-freebsd-x64': [ '4.62.2' ],
26 silly audit   '@rollup/rollup-linux-arm-gnueabihf': [ '4.62.2' ],
26 silly audit   '@rollup/rollup-linux-arm-musleabihf': [ '4.62.2' ],
26 silly audit   '@rollup/rollup-linux-arm64-gnu': [ '4.62.2' ],
26 silly audit   '@rollup/rollup-linux-arm64-musl': [ '4.62.2' ],
26 silly audit   '@rollup/rollup-linux-loong64-gnu': [ '4.62.2' ],
26 silly audit   '@rollup/rollup-linux-loong64-musl': [ '4.62.2' ],
26 silly audit   '@rollup/rollup-linux-ppc64-gnu': [ '4.62.2' ],
26 silly audit   '@rollup/rollup-linux-ppc64-musl': [ '4.62.2' ],
26 silly audit   '@rollup/rollup-linux-riscv64-gnu': [ '4.62.2' ],
26 silly audit   '@rollup/rollup-linux-riscv64-musl': [ '4.62.2' ],
26 silly audit   '@rollup/rollup-linux-s390x-gnu': [ '4.62.2' ],
26 silly audit   '@rollup/rollup-linux-x64-gnu': [ '4.62.2' ],
26 silly audit   '@rollup/rollup-linux-x64-musl': [ '4.62.2' ],
26 silly audit   '@rollup/rollup-openbsd-x64': [ '4.62.2' ],
26 silly audit   '@rollup/rollup-openharmony-arm64': [ '4.62.2' ],
26 silly audit   '@rollup/rollup-win32-arm64-msvc': [ '4.62.2' ],
26 silly audit   '@rollup/rollup-win32-ia32-msvc': [ '4.62.2' ],
26 silly audit   '@rollup/rollup-win32-x64-gnu': [ '4.62.2' ],
26 silly audit   '@rollup/rollup-win32-x64-msvc': [ '4.62.2' ],
26 silly audit   '@types/babel__core': [ '7.20.5' ],
26 silly audit   '@types/babel__generator': [ '7.27.0' ],
26 silly audit   '@types/babel__template': [ '7.4.4' ],
26 silly audit   '@types/babel__traverse': [ '7.28.0' ],
26 silly audit   '@types/estree': [ '1.0.9' ],
26 silly audit   '@vitejs/plugin-react': [ '5.2.0' ],
26 silly audit   'baseline-browser-mapping': [ '2.10.38' ],
26 silly audit   browserslist: [ '4.28.4' ],
26 silly audit   'caniuse-lite': [ '1.0.30001799' ],
26 silly audit   'convert-source-map': [ '2.0.0' ],
26 silly audit   debug: [ '4.4.3' ],
26 silly audit   'electron-to-chromium': [ '1.5.377' ],
26 silly audit   esbuild: [ '0.27.7' ],
26 silly audit   escalade: [ '3.2.0' ],
26 silly audit   fdir: [ '6.5.0' ],
26 silly audit   fsevents: [ '2.3.3' ],
26 silly audit   gensync: [ '1.0.0-beta.2' ],
26 silly audit   'js-tokens': [ '4.0.0' ],
26 silly audit   jsesc: [ '3.1.0' ],
26 silly audit   json5: [ '2.2.3' ],
26 silly audit   'lru-cache': [ '5.1.1' ],
26 silly audit   ms: [ '2.1.3' ],
26 silly audit   nanoid: [ '3.3.15' ],
26 silly audit   'node-releases': [ '2.0.48' ],
26 silly audit   ogl: [ '1.0.11' ],
26 silly audit   picocolors: [ '1.1.1' ],
26 silly audit   picomatch: [ '4.0.4' ],
26 silly audit   postcss: [ '8.5.15' ],
26 silly audit   react: [ '19.2.7' ],
26 silly audit   'react-dom': [ '19.2.7' ],
26 silly audit   'react-refresh': [ '0.18.0' ],
26 silly audit   rollup: [ '4.62.2' ],
26 silly audit   scheduler: [ '0.27.0' ],
26 silly audit   semver: [ '6.3.1' ],
26 silly audit   'source-map-js': [ '1.2.1' ],
26 silly audit   tinyglobby: [ '0.2.17' ],
26 silly audit   'update-browserslist-db': [ '1.2.3' ],
26 silly audit   vite: [ '7.3.5' ],
26 silly audit   yallist: [ '3.1.1' ],
26 silly audit   postprocessing: [ '6.39.1' ],
26 silly audit   three: [ '0.184.0' ]
26 silly audit }
27 verbose reify failed optional dependency /Users/lee/Documents/作品集/node_modules/@rollup/rollup-win32-x64-msvc
28 silly reify mark deleted [
28 silly reify   '/Users/lee/Documents/作品集/node_modules/@rollup/rollup-win32-x64-msvc'
28 silly reify ]
29 verbose reify failed optional dependency /Users/lee/Documents/作品集/node_modules/@rollup/rollup-win32-x64-gnu
30 silly reify mark deleted [
30 silly reify   '/Users/lee/Documents/作品集/node_modules/@rollup/rollup-win32-x64-gnu'
30 silly reify ]
31 verbose reify failed optional dependency /Users/lee/Documents/作品集/node_modules/@rollup/rollup-win32-ia32-msvc
32 silly reify mark deleted [
32 silly reify   '/Users/lee/Documents/作品集/node_modules/@rollup/rollup-win32-ia32-msvc'
32 silly reify ]
33 verbose reify failed optional dependency /Users/lee/Documents/作品集/node_modules/@rollup/rollup-win32-arm64-msvc
34 silly reify mark deleted [
34 silly reify   '/Users/lee/Documents/作品集/node_modules/@rollup/rollup-win32-arm64-msvc'
34 silly reify ]
35 verbose reify failed optional dependency /Users/lee/Documents/作品集/node_modules/@rollup/rollup-openharmony-arm64
36 silly reify mark deleted [
36 silly reify   '/Users/lee/Documents/作品集/node_modules/@rollup/rollup-openharmony-arm64'
36 silly reify ]
37 verbose reify failed optional dependency /Users/lee/Documents/作品集/node_modules/@rollup/rollup-openbsd-x64
38 silly reify mark deleted [ '/Users/lee/Documents/作品集/node_modules/@rollup/rollup-openbsd-x64' ]
39 verbose reify failed optional dependency /Users/lee/Documents/作品集/node_modules/@rollup/rollup-linux-x64-musl
40 silly reify mark deleted [
40 silly reify   '/Users/lee/Documents/作品集/node_modules/@rollup/rollup-linux-x64-musl'
40 silly reify ]
41 verbose reify failed optional dependency /Users/lee/Documents/作品集/node_modules/@rollup/rollup-linux-x64-gnu
42 silly reify mark deleted [
42 silly reify   '/Users/lee/Documents/作品集/node_modules/@rollup/rollup-linux-x64-gnu'
42 silly reify ]
43 verbose reify failed optional dependency /Users/lee/Documents/作品集/node_modules/@rollup/rollup-linux-s390x-gnu
44 silly reify mark deleted [
44 silly reify   '/Users/lee/Documents/作品集/node_modules/@rollup/rollup-linux-s390x-gnu'
44 silly reify ]
45 verbose reify failed optional dependency /Users/lee/Documents/作品集/node_modules/@rollup/rollup-linux-riscv64-musl
46 silly reify mark deleted [
46 silly reify   '/Users/lee/Documents/作品集/node_modules/@rollup/rollup-linux-riscv64-musl'
46 silly reify ]
47 verbose reify failed optional dependency /Users/lee/Documents/作品集/node_modules/@rollup/rollup-linux-riscv64-gnu
48 silly reify mark deleted [
48 silly reify   '/Users/lee/Documents/作品集/node_modules/@rollup/rollup-linux-riscv64-gnu'
48 silly reify ]
49 verbose reify failed optional dependency /Users/lee/Documents/作品集/node_modules/@rollup/rollup-linux-ppc64-musl
50 silly reify mark deleted [
50 silly reify   '/Users/lee/Documents/作品集/node_modules/@rollup/rollup-linux-ppc64-musl'
50 silly reify ]
51 verbose reify failed optional dependency /Users/lee/Documents/作品集/node_modules/@rollup/rollup-linux-ppc64-gnu
52 silly reify mark deleted [
52 silly reify   '/Users/lee/Documents/作品集/node_modules/@rollup/rollup-linux-ppc64-gnu'
52 silly reify ]
53 verbose reify failed optional dependency /Users/lee/Documents/作品集/node_modules/@rollup/rollup-linux-loong64-musl
54 silly reify mark deleted [
54 silly reify   '/Users/lee/Documents/作品集/node_modules/@rollup/rollup-linux-loong64-musl'
54 silly reify ]
55 verbose reify failed optional dependency /Users/lee/Documents/作品集/node_modules/@rollup/rollup-linux-loong64-gnu
56 silly reify mark deleted [
56 silly reify   '/Users/lee/Documents/作品集/node_modules/@rollup/rollup-linux-loong64-gnu'
56 silly reify ]
57 verbose reify failed optional dependency /Users/lee/Documents/作品集/node_modules/@rollup/rollup-linux-arm64-musl
58 silly reify mark deleted [
58 silly reify   '/Users/lee/Documents/作品集/node_modules/@rollup/rollup-linux-arm64-musl'
58 silly reify ]
59 verbose reify failed optional dependency /Users/lee/Documents/作品集/node_modules/@rollup/rollup-linux-arm64-gnu
60 silly reify mark deleted [
60 silly reify   '/Users/lee/Documents/作品集/node_modules/@rollup/rollup-linux-arm64-gnu'
60 silly reify ]
61 verbose reify failed optional dependency /Users/lee/Documents/作品集/node_modules/@rollup/rollup-linux-arm-musleabihf
62 silly reify mark deleted [
62 silly reify   '/Users/lee/Documents/作品集/node_modules/@rollup/rollup-linux-arm-musleabihf'
62 silly reify ]
63 verbose reify failed optional dependency /Users/lee/Documents/作品集/node_modules/@rollup/rollup-linux-arm-gnueabihf
64 silly reify mark deleted [
64 silly reify   '/Users/lee/Documents/作品集/node_modules/@rollup/rollup-linux-arm-gnueabihf'
64 silly reify ]
65 verbose reify failed optional dependency /Users/lee/Documents/作品集/node_modules/@rollup/rollup-freebsd-x64
66 silly reify mark deleted [ '/Users/lee/Documents/作品集/node_modules/@rollup/rollup-freebsd-x64' ]
67 verbose reify failed optional dependency /Users/lee/Documents/作品集/node_modules/@rollup/rollup-freebsd-arm64
68 silly reify mark deleted [
68 silly reify   '/Users/lee/Documents/作品集/node_modules/@rollup/rollup-freebsd-arm64'
68 silly reify ]
69 verbose reify failed optional dependency /Users/lee/Documents/作品集/node_modules/@rollup/rollup-darwin-x64
70 silly reify mark deleted [ '/Users/lee/Documents/作品集/node_modules/@rollup/rollup-darwin-x64' ]
71 verbose reify failed optional dependency /Users/lee/Documents/作品集/node_modules/@rollup/rollup-android-arm64
72 silly reify mark deleted [
72 silly reify   '/Users/lee/Documents/作品集/node_modules/@rollup/rollup-android-arm64'
72 silly reify ]
73 verbose reify failed optional dependency /Users/lee/Documents/作品集/node_modules/@rollup/rollup-android-arm-eabi
74 silly reify mark deleted [
74 silly reify   '/Users/lee/Documents/作品集/node_modules/@rollup/rollup-android-arm-eabi'
74 silly reify ]
75 verbose reify failed optional dependency /Users/lee/Documents/作品集/node_modules/@esbuild/win32-x64
76 silly reify mark deleted [ '/Users/lee/Documents/作品集/node_modules/@esbuild/win32-x64' ]
77 verbose reify failed optional dependency /Users/lee/Documents/作品集/node_modules/@esbuild/win32-ia32
78 silly reify mark deleted [ '/Users/lee/Documents/作品集/node_modules/@esbuild/win32-ia32' ]
79 verbose reify failed optional dependency /Users/lee/Documents/作品集/node_modules/@esbuild/win32-arm64
80 silly reify mark deleted [ '/Users/lee/Documents/作品集/node_modules/@esbuild/win32-arm64' ]
81 verbose reify failed optional dependency /Users/lee/Documents/作品集/node_modules/@esbuild/sunos-x64
82 silly reify mark deleted [ '/Users/lee/Documents/作品集/node_modules/@esbuild/sunos-x64' ]
83 verbose reify failed optional dependency /Users/lee/Documents/作品集/node_modules/@esbuild/openharmony-arm64
84 silly reify mark deleted [ '/Users/lee/Documents/作品集/node_modules/@esbuild/openharmony-arm64' ]
85 verbose reify failed optional dependency /Users/lee/Documents/作品集/node_modules/@esbuild/openbsd-x64
86 silly reify mark deleted [ '/Users/lee/Documents/作品集/node_modules/@esbuild/openbsd-x64' ]
87 verbose reify failed optional dependency /Users/lee/Documents/作品集/node_modules/@esbuild/openbsd-arm64
88 silly reify mark deleted [ '/Users/lee/Documents/作品集/node_modules/@esbuild/openbsd-arm64' ]
89 verbose reify failed optional dependency /Users/lee/Documents/作品集/node_modules/@esbuild/netbsd-x64
90 silly reify mark deleted [ '/Users/lee/Documents/作品集/node_modules/@esbuild/netbsd-x64' ]
91 verbose reify failed optional dependency /Users/lee/Documents/作品集/node_modules/@esbuild/netbsd-arm64
92 silly reify mark deleted [ '/Users/lee/Documents/作品集/node_modules/@esbuild/netbsd-arm64' ]
93 verbose reify failed optional dependency /Users/lee/Documents/作品集/node_modules/@esbuild/linux-x64
94 silly reify mark deleted [ '/Users/lee/Documents/作品集/node_modules/@esbuild/linux-x64' ]
95 verbose reify failed optional dependency /Users/lee/Documents/作品集/node_modules/@esbuild/linux-s390x
96 silly reify mark deleted [ '/Users/lee/Documents/作品集/node_modules/@esbuild/linux-s390x' ]
97 verbose reify failed optional dependency /Users/lee/Documents/作品集/node_modules/@esbuild/linux-riscv64
98 silly reify mark deleted [ '/Users/lee/Documents/作品集/node_modules/@esbuild/linux-riscv64' ]
99 verbose reify failed optional dependency /Users/lee/Documents/作品集/node_modules/@esbuild/linux-ppc64
100 silly reify mark deleted [ '/Users/lee/Documents/作品集/node_modules/@esbuild/linux-ppc64' ]
101 verbose reify failed optional dependency /Users/lee/Documents/作品集/node_modules/@esbuild/linux-mips64el
102 silly reify mark deleted [ '/Users/lee/Documents/作品集/node_modules/@esbuild/linux-mips64el' ]
103 verbose reify failed optional dependency /Users/lee/Documents/作品集/node_modules/@esbuild/linux-loong64
104 silly reify mark deleted [ '/Users/lee/Documents/作品集/node_modules/@esbuild/linux-loong64' ]
105 verbose reify failed optional dependency /Users/lee/Documents/作品集/node_modules/@esbuild/linux-ia32
106 silly reify mark deleted [ '/Users/lee/Documents/作品集/node_modules/@esbuild/linux-ia32' ]
107 verbose reify failed optional dependency /Users/lee/Documents/作品集/node_modules/@esbuild/linux-arm64
108 silly reify mark deleted [ '/Users/lee/Documents/作品集/node_modules/@esbuild/linux-arm64' ]
109 verbose reify failed optional dependency /Users/lee/Documents/作品集/node_modules/@esbuild/linux-arm
110 silly reify mark deleted [ '/Users/lee/Documents/作品集/node_modules/@esbuild/linux-arm' ]
111 verbose reify failed optional dependency /Users/lee/Documents/作品集/node_modules/@esbuild/freebsd-x64
112 silly reify mark deleted [ '/Users/lee/Documents/作品集/node_modules/@esbuild/freebsd-x64' ]
113 verbose reify failed optional dependency /Users/lee/Documents/作品集/node_modules/@esbuild/freebsd-arm64
114 silly reify mark deleted [ '/Users/lee/Documents/作品集/node_modules/@esbuild/freebsd-arm64' ]
115 verbose reify failed optional dependency /Users/lee/Documents/作品集/node_modules/@esbuild/darwin-x64
116 silly reify mark deleted [ '/Users/lee/Documents/作品集/node_modules/@esbuild/darwin-x64' ]
117 verbose reify failed optional dependency /Users/lee/Documents/作品集/node_modules/@esbuild/android-x64
118 silly reify mark deleted [ '/Users/lee/Documents/作品集/node_modules/@esbuild/android-x64' ]
119 verbose reify failed optional dependency /Users/lee/Documents/作品集/node_modules/@esbuild/android-arm64
120 silly reify mark deleted [ '/Users/lee/Documents/作品集/node_modules/@esbuild/android-arm64' ]
121 verbose reify failed optional dependency /Users/lee/Documents/作品集/node_modules/@esbuild/android-arm
122 silly reify mark deleted [ '/Users/lee/Documents/作品集/node_modules/@esbuild/android-arm' ]
123 verbose reify failed optional dependency /Users/lee/Documents/作品集/node_modules/@esbuild/aix-ppc64
124 silly reify mark deleted [ '/Users/lee/Documents/作品集/node_modules/@esbuild/aix-ppc64' ]
125 http cache three@https://registry.npmjs.org/three/-/three-0.184.0.tgz 0ms (cache hit)
126 http cache postprocessing@https://registry.npmjs.org/postprocessing/-/postprocessing-6.39.1.tgz 0ms (cache hit)
127 silly tarball no local data for three@https://registry.npmjs.org/three/-/three-0.184.0.tgz. Extracting by manifest.
128 silly tarball no local data for postprocessing@https://registry.npmjs.org/postprocessing/-/postprocessing-6.39.1.tgz. Extracting by manifest.
129 http fetch POST 200 https://registry.npmjs.org/-/npm/v1/security/advisories/bulk 398ms
130 silly audit report {
130 silly audit report   esbuild: [
130 silly audit report     {
130 silly audit report       id: 1120680,
130 silly audit report       url: 'https://github.com/advisories/GHSA-g7r4-m6w7-qqqr',
130 silly audit report       title: 'esbuild allows arbitrary file read when running the development server on Windows',
130 silly audit report       severity: 'low',
130 silly audit report       vulnerable_versions: '>=0.27.3 <0.28.1',
130 silly audit report       cwe: [Array],
130 silly audit report       cvss: [Object]
130 silly audit report     }
130 silly audit report   ]
130 silly audit report }
131 silly packumentCache corgi:https://registry.npmjs.org/esbuild cache-miss
132 http fetch GET 200 https://registry.npmjs.org/esbuild 634ms (cache revalidated)
133 silly packumentCache corgi:https://registry.npmjs.org/esbuild set size:887361 disposed:false
134 silly packumentCache corgi:https://registry.npmjs.org/vite cache-miss
135 http fetch GET 200 https://registry.npmjs.org/vite 247ms (cache revalidated)
136 silly packumentCache corgi:https://registry.npmjs.org/vite set size:2264592 disposed:false
137 http fetch GET 200 https://registry.npmjs.org/postprocessing/-/postprocessing-6.39.1.tgz 2181ms (cache miss)
138 http fetch GET 200 https://registry.npmjs.org/three/-/three-0.184.0.tgz 46901ms (cache miss)
139 silly ADD node_modules/three
140 silly ADD node_modules/postprocessing
141 silly ADD
142 silly ADD
143 silly ADD
144 silly ADD
145 silly ADD
146 silly ADD
147 silly ADD
148 silly ADD
149 silly ADD
150 silly ADD
151 silly ADD
152 silly ADD
153 silly ADD
154 silly ADD
155 silly ADD
156 silly ADD
157 silly ADD
158 silly ADD
159 silly ADD
160 silly ADD
161 silly ADD
162 silly ADD
163 silly ADD
164 silly ADD
165 silly ADD
166 silly ADD
167 silly ADD
168 silly ADD
169 silly ADD
170 silly ADD
171 silly ADD
172 silly ADD
173 silly ADD
174 silly ADD
175 silly ADD
176 silly ADD
177 silly ADD
178 silly ADD
179 silly ADD
180 silly ADD
181 silly ADD
182 silly ADD
183 silly ADD
184 silly ADD
185 silly ADD
186 silly ADD
187 silly ADD
188 silly ADD
189 silly ADD
190 verbose cwd /Users/lee/Documents/作品集
191 verbose os Darwin 24.6.0
192 verbose node v22.14.0
193 verbose npm  v10.9.2
194 verbose exit 0
195 info ok
